<?xml version="1.0" encoding="UTF-8"?>
<!-- Generated by org.testng.reporters.JUnitReportReporter -->
<testsuite hostname="Komal" failures="0" tests="1" name="com.ui.orangeHRM.testLayer.LoginPageTest" time="1.141" errors="0" timestamp="2025-07-08T13:57:21 IST" skipped="0">
  <testcase classname="com.ui.orangeHRM.testLayer.LoginPageTest" name="validateLoginPageFunctionality" time="1.141"/>
  <system-out/>
</testsuite> <!-- com.ui.orangeHRM.testLayer.LoginPageTest -->
